TN:
SF:src\app.js
FNF:0
FNH:0
DA:1,1
DA:2,1
DA:3,1
DA:4,1
DA:5,1
DA:6,1
DA:7,1
DA:8,1
DA:9,1
DA:10,1
DA:11,1
DA:12,1
DA:13,1
DA:14,1
DA:15,1
DA:16,1
DA:17,1
DA:18,1
LF:18
LH:18
BRDA:12,0,0,1
BRF:1
BRH:1
end_of_record
TN:
SF:src\controllers\UserController.js
FN:4,createUser
FNF:1
FNH:1
FNDA:4,createUser
DA:1,1
DA:2,1
DA:3,1
DA:4,1
DA:5,4
DA:6,4
DA:7,4
DA:8,1
DA:9,1
DA:10,3
DA:11,3
DA:12,3
DA:13,3
DA:14,3
DA:15,3
DA:16,3
DA:17,4
DA:18,0
DA:19,0
DA:20,0
DA:21,4
DA:22,1
DA:23,1
DA:24,1
LF:24
LH:21
BRDA:4,0,0,4
BRDA:7,1,0,3
BRDA:7,2,0,3
BRDA:7,3,0,1
BRDA:9,4,0,3
BRDA:17,5,0,0
BRF:6
BRH:5
end_of_record
TN:
SF:src\database\db.js
FN:3,mongoConnect
FNF:1
FNH:1
FNDA:2,mongoConnect
DA:1,1
DA:2,1
DA:3,2
DA:4,2
DA:5,2
DA:6,2
DA:7,0
DA:8,0
DA:9,2
DA:10,1
DA:11,1
LF:11
LH:9
BRDA:3,0,0,2
BRDA:6,1,0,0
BRF:2
BRH:1
end_of_record
TN:
SF:src\models\User.js
FNF:0
FNH:0
DA:1,1
DA:2,1
DA:3,1
DA:4,1
DA:5,1
DA:6,1
DA:7,1
DA:8,1
DA:9,1
DA:10,1
DA:11,1
LF:11
LH:11
BRF:0
BRH:0
end_of_record
