TN:
SF:src\app.js
FNF:0
FNH:0
DA:1,1
DA:2,1
DA:3,1
DA:4,1
DA:5,1
DA:6,1
DA:7,1
DA:8,1
DA:9,1
DA:10,1
DA:11,1
DA:12,1
DA:13,1
DA:14,1
DA:15,1
DA:16,1
DA:17,1
DA:18,1
LF:18
LH:18
BRDA:12,0,0,1
BRF:1
BRH:1
end_of_record
TN:
SF:src\controllers\UserController.js
FN:5,createUser
FNF:1
FNH:1
FNDA:4,createUser
DA:1,1
DA:2,1
DA:3,1
DA:4,1
DA:5,1
DA:6,4
DA:7,4
DA:8,4
DA:9,4
DA:10,1
DA:11,1
DA:12,3
DA:13,3
DA:14,3
DA:15,3
DA:16,4
DA:17,2
DA:18,2
DA:19,2
DA:20,2
DA:21,2
DA:22,2
DA:23,2
DA:24,2
DA:25,2
DA:26,2
DA:27,2
DA:28,2
DA:29,4
DA:30,0
DA:31,0
DA:32,0
DA:33,4
DA:34,1
DA:35,1
DA:36,1
LF:36
LH:33
BRDA:5,0,0,4
BRDA:9,1,0,3
BRDA:9,2,0,3
BRDA:9,3,0,1
BRDA:11,4,0,3
BRDA:16,5,0,1
BRDA:16,6,0,2
BRDA:29,7,0,0
BRF:8
BRH:7
end_of_record
TN:
SF:src\database\db.js
FN:3,mongoConnect
FNF:1
FNH:1
FNDA:2,mongoConnect
DA:1,1
DA:2,1
DA:3,2
DA:4,2
DA:5,2
DA:6,2
DA:7,0
DA:8,0
DA:9,2
DA:10,1
DA:11,1
LF:11
LH:9
BRDA:3,0,0,2
BRDA:6,1,0,0
BRF:2
BRH:1
end_of_record
TN:
SF:src\models\User.js
FNF:0
FNH:0
DA:1,1
DA:2,1
DA:3,1
DA:4,1
DA:5,1
DA:6,1
DA:7,1
DA:8,1
DA:9,1
DA:10,1
DA:11,1
LF:11
LH:11
BRF:0
BRH:0
end_of_record
